[scenario-loader] "wargame3" loaded with 6 warning(s):
  - steps: count 17 deviates from wargame1/2 norm (12); valid but off-pattern
  - bls_template: count 1 deviates from wargame1/2 norm (4); valid but off-pattern
  - red_units: count 70 deviates from wargame1/2 norm (11); valid but off-pattern
  - blue_units_initial: count 83 deviates from wargame1/2 norm (39); valid but off-pattern
  - pipeline: count 24 deviates from wargame1/2 norm (15); valid but off-pattern
  - blue_units_base_ids: length 80 != blue_units_initial.length (83); shapes may diverge during render
[scenario-loader] "gulf_of_sidra_2026_amphibious_assault__partial-06" loaded with 5 warning(s):
  - steps: count 6 deviates from wargame1/2 norm (12); valid but off-pattern
  - bls_template: count 1 deviates from wargame1/2 norm (4); valid but off-pattern
  - red_units: count 30 deviates from wargame1/2 norm (11); valid but off-pattern
  - blue_units_initial: count 47 deviates from wargame1/2 norm (39); valid but off-pattern
  - pipeline: count 2 deviates from wargame1/2 norm (15); valid but off-pattern
[scenario-loader] "wargame3" loaded with 6 warning(s):
  - steps: count 17 deviates from wargame1/2 norm (12); valid but off-pattern
  - bls_template: count 1 deviates from wargame1/2 norm (4); valid but off-pattern
  - red_units: count 70 deviates from wargame1/2 norm (11); valid but off-pattern
  - blue_units_initial: count 83 deviates from wargame1/2 norm (39); valid but off-pattern
  - pipeline: count 24 deviates from wargame1/2 norm (15); valid but off-pattern
  - blue_units_base_ids: length 80 != blue_units_initial.length (83); shapes may diverge during render
[scenario-loader] "wargame3" loaded with 6 warning(s):
  - steps: count 17 deviates from wargame1/2 norm (12); valid but off-pattern
  - bls_template: count 1 deviates from wargame1/2 norm (4); valid but off-pattern
  - red_units: count 70 deviates from wargame1/2 norm (11); valid but off-pattern
  - blue_units_initial: count 83 deviates from wargame1/2 norm (39); valid but off-pattern
  - pipeline: count 24 deviates from wargame1/2 norm (15); valid but off-pattern
  - blue_units_base_ids: length 80 != blue_units_initial.length (83); shapes may diverge during render
[scenario-loader] "wargame3" loaded with 6 warning(s):
  - steps: count 17 deviates from wargame1/2 norm (12); valid but off-pattern
  - bls_template: count 1 deviates from wargame1/2 norm (4); valid but off-pattern
  - red_units: count 70 deviates from wargame1/2 norm (11); valid but off-pattern
  - blue_units_initial: count 83 deviates from wargame1/2 norm (39); valid but off-pattern
  - pipeline: count 24 deviates from wargame1/2 norm (15); valid but off-pattern
  - blue_units_base_ids: length 80 != blue_units_initial.length (83); shapes may diverge during render
[scenario-loader] "gulf_of_sidra_2026_amphibious_assault" loaded with 5 warning(s):
  - steps: count 6 deviates from wargame1/2 norm (12); valid but off-pattern
  - bls_template: count 1 deviates from wargame1/2 norm (4); valid but off-pattern
  - red_units: count 30 deviates from wargame1/2 norm (11); valid but off-pattern
  - blue_units_initial: count 47 deviates from wargame1/2 norm (39); valid but off-pattern
  - pipeline: count 2 deviates from wargame1/2 norm (15); valid but off-pattern
